<?xml version="1.0" encoding="UTF-8"?>
<!-- Generated by org.testng.reporters.JUnitReportReporter -->
<testsuite hostname="LAPTOP-ALB1PIQL" failures="0" tests="5" name="apiTesting.BeecaptorEva1" time="7.570" errors="0" timestamp="2024-09-09T15:41:39 IST" skipped="0">
  <testcase classname="apiTesting.BeecaptorEva1" name="DeleteHookbyID" time="3.692"/>
  <system-out/>
  <testcase classname="apiTesting.BeecaptorEva1" name="UpdateHook" time="0.969"/>
  <system-out/>
  <testcase classname="apiTesting.BeecaptorEva1" name="GetHooks" time="0.965"/>
  <system-out/>
  <testcase classname="apiTesting.BeecaptorEva1" name="GetahookbyID" time="0.988"/>
  <system-out/>
  <testcase classname="apiTesting.BeecaptorEva1" name="SchedulaAHook" time="0.956"/>
  <system-out/>
</testsuite> <!-- apiTesting.BeecaptorEva1 -->
